<?xml version="1.0" encoding="UTF-8"?>
<!-- Generated by org.testng.reporters.JUnitXMLReporter -->
<testsuite ignored="0" hostname="LAPTOP-42KERIGD" failures="0" tests="3" name="Default test" time="5.019" errors="0" timestamp="2021-08-23T21:42:06 ART">
  <testcase classname="tests.GetAndPostExamples" name="testGet" time="3.025"/>
  <testcase classname="tests.GetAndPostExamples" name="testPost" time="0.834"/>
  <testcase classname="tests.GetAndPostExamples" name="testmessages" time="1.104"/>
</testsuite> <!-- Default test -->
