<?xml version="1.0" encoding="UTF-8"?>
<testng-results ignored="0" total="3" passed="3" failed="0" skipped="0">
  <reporter-output>
  </reporter-output>
  <suite started-at="2021-08-23T21:42:01 ART" name="Default suite" finished-at="2021-08-23T21:42:06 ART" duration-ms="5019">
    <groups>
    </groups>
    <test started-at="2021-08-23T21:42:01 ART" name="Default test" finished-at="2021-08-23T21:42:06 ART" duration-ms="5019">
      <class name="tests.GetAndPostExamples">
        <test-method signature="testGet()[pri:0, instance:tests.GetAndPostExamples@20f5239f]" started-at="2021-08-23T21:42:01 ART" name="testGet" finished-at="2021-08-23T21:42:04 ART" duration-ms="3025" status="PASS">
          <reporter-output>
          </reporter-output>
        </test-method> <!-- testGet -->
        <test-method signature="testPost()[pri:0, instance:tests.GetAndPostExamples@20f5239f]" started-at="2021-08-23T21:42:04 ART" name="testPost" finished-at="2021-08-23T21:42:05 ART" duration-ms="834" status="PASS">
          <reporter-output>
          </reporter-output>
        </test-method> <!-- testPost -->
        <test-method signature="testmessages()[pri:0, instance:tests.GetAndPostExamples@20f5239f]" started-at="2021-08-23T21:42:05 ART" name="testmessages" finished-at="2021-08-23T21:42:06 ART" duration-ms="1104" status="PASS">
          <reporter-output>
          </reporter-output>
        </test-method> <!-- testmessages -->
      </class> <!-- tests.GetAndPostExamples -->
    </test> <!-- Default test -->
  </suite> <!-- Default suite -->
</testng-results>
